<?xml version="1.0" encoding="UTF-8"?>
<!-- Generated by org.testng.reporters.JUnitReportReporter -->
<testsuite hostname="IN-PG02P629" failures="0" tests="3" name="Nagarro.E2EPrject.HomePage" time="16.818" errors="0" timestamp="2022-01-17T18:34:16 IST" skipped="0">
  <testcase classname="Nagarro.E2EPrject.HomePage" name="basePage" time="3.911"/>
  <system-out/>
  <testcase classname="Nagarro.E2EPrject.HomePage" name="basePage" time="5.514"/>
  <system-out/>
  <testcase classname="Nagarro.E2EPrject.HomePage" name="Register" time="7.393"/>
  <system-out/>
</testsuite> <!-- Nagarro.E2EPrject.HomePage -->
