<?xml version="1.0" encoding="UTF-8"?>
<!-- Generated by org.testng.reporters.JUnitReportReporter -->
<testsuite hostname="IN-PG02P629" failures="0" tests="3" name="Nagarro.E2EPrject.HomePage" time="54.702" errors="0" timestamp="2022-01-18T14:46:10 IST" skipped="0">
  <testcase classname="Nagarro.E2EPrject.HomePage" name="basePage" time="4.780"/>
  <system-out/>
  <testcase classname="Nagarro.E2EPrject.HomePage" name="basePage" time="13.049"/>
  <system-out/>
  <testcase classname="Nagarro.E2EPrject.HomePage" name="Register" time="36.873"/>
  <system-out/>
</testsuite> <!-- Nagarro.E2EPrject.HomePage -->
