<?xml version="1.0" encoding="UTF-8"?>
<!-- Generated by org.testng.reporters.JUnitReportReporter -->
<testsuite hostname="IN-PG02P629" failures="0" tests="2" name="Nagarro.E2EPrject.Validation" time="16.535" errors="0" timestamp="2022-01-18T14:46:10 IST" skipped="0">
  <testcase classname="Nagarro.E2EPrject.Validation" name="Assertions" time="12.697"/>
  <system-out/>
  <testcase classname="Nagarro.E2EPrject.Validation" name="Assertions" time="3.838"/>
  <system-out/>
</testsuite> <!-- Nagarro.E2EPrject.Validation -->
